<?xml version="1.0" encoding="UTF-8"?>
<!-- Generated by org.testng.reporters.JUnitReportReporter -->
<testsuite hostname="DESKTOP-5BKKI8L" failures="0" tests="1" name="com.allianz.test.LoginUItest" time="10.568" errors="0" timestamp="2024-04-03T23:25:11 PDT" skipped="0">
  <testcase classname="com.allianz.test.LoginUItest" name="methodTest" time="10.568"/>
</testsuite> <!-- com.allianz.test.LoginUItest -->
