<?xml version="1.0" encoding="UTF-8"?>
<!-- Generated by org.testng.reporters.JUnitReportReporter -->
<testsuite hostname="DESKTOP-5BKKI8L" failures="0" tests="1" name="com.allianz.test.LoginUItest" time="0.028" errors="0" timestamp="2024-04-03T20:13:26 PDT" skipped="0">
  <testcase classname="com.allianz.test.LoginUItest" name="methodTest" time="0.028"/>
</testsuite> <!-- com.allianz.test.LoginUItest -->
